<?xml version="1.0" encoding="UTF-8"?>
<!-- Generated by org.testng.reporters.JUnitReportReporter -->
<testsuite hostname="DESKTOP-E7HVEAG" failures="0" tests="1" name="interview.FB" time="19.587" errors="0" timestamp="9 Mar 2019 09:34:54 GMT">
  <testcase classname="interview.FB" name="fbLogin" time="19.587"/>
</testsuite> <!-- interview.FB -->
